<?xml version="1.0" encoding="UTF-8"?>
<testng-results ignored="0" total="1" passed="1" failed="0" skipped="0">
  <reporter-output>
  </reporter-output>
  <suite started-at="2024-12-22T22:09:28 GMT+07:00" name="Default suite" finished-at="2024-12-22T22:09:54 GMT+07:00" duration-ms="25263">
    <groups>
    </groups>
    <test started-at="2024-12-22T22:09:28 GMT+07:00" name="Default test" finished-at="2024-12-22T22:09:54 GMT+07:00" duration-ms="25263">
      <class name="kiemThu.CartTest">
        <test-method is-config="true" signature="setUp()[pri:0, instance:kiemThu.CartTest@5b7a5baa]" started-at="2024-12-22T22:09:28 GMT+07:00" name="setUp" finished-at="2024-12-22T22:09:29 GMT+07:00" duration-ms="1098" status="PASS">
          <reporter-output>
          </reporter-output>
        </test-method> <!-- setUp -->
        <test-method signature="testAddToCart()[pri:0, instance:kiemThu.CartTest@5b7a5baa]" started-at="2024-12-22T22:09:29 GMT+07:00" name="testAddToCart" finished-at="2024-12-22T22:09:53 GMT+07:00" duration-ms="23953" status="PASS">
          <reporter-output>
          </reporter-output>
        </test-method> <!-- testAddToCart -->
        <test-method is-config="true" signature="tearDown()[pri:0, instance:kiemThu.CartTest@5b7a5baa]" started-at="2024-12-22T22:09:53 GMT+07:00" name="tearDown" finished-at="2024-12-22T22:09:54 GMT+07:00" duration-ms="186" status="PASS">
          <reporter-output>
          </reporter-output>
        </test-method> <!-- tearDown -->
      </class> <!-- kiemThu.CartTest -->
    </test> <!-- Default test -->
  </suite> <!-- Default suite -->
</testng-results>
