<?xml version="1.0" encoding="UTF-8"?>
<!-- Generated by org.testng.reporters.JUnitXMLReporter -->
<testsuite ignored="0" hostname="DESKTOP-7JB3U84" failures="0" tests="6" name="Default test" time="60.699" errors="0" timestamp="2024-12-24T20:31:30 ICT">
  <testcase classname="test.SearchTest" name="testSearch" time="12.475"/>
  <testcase classname="test.SearchTest" name="testSearch" time="10.656"/>
  <testcase classname="test.SearchTest" name="testSearch" time="6.843"/>
  <testcase classname="test.SearchTest" name="testSearch" time="10.813"/>
  <testcase classname="test.SearchTest" name="testSearch" time="8.671"/>
  <testcase classname="test.SearchTest" name="testSearch" time="5.454"/>
</testsuite> <!-- Default test -->
