<?xml version="1.0" encoding="UTF-8"?>
<testng-results ignored="0" total="6" passed="6" failed="0" skipped="0">
  <reporter-output>
  </reporter-output>
  <suite started-at="2024-12-24T20:30:29 ICT" name="Default suite" finished-at="2024-12-24T20:31:30 ICT" duration-ms="60699">
    <groups>
    </groups>
    <test started-at="2024-12-24T20:30:29 ICT" name="Default test" finished-at="2024-12-24T20:31:30 ICT" duration-ms="60699">
      <class name="test.SearchTest">
        <test-method is-config="true" signature="setUp()[pri:0, instance:test.SearchTest@5c5eefef]" started-at="2024-12-24T20:30:29 ICT" name="setUp" finished-at="2024-12-24T20:30:34 ICT" duration-ms="4994" status="PASS">
          <reporter-output>
          </reporter-output>
        </test-method> <!-- setUp -->
        <test-method signature="testSearch(java.lang.String,boolean)[pri:0, instance:test.SearchTest@5c5eefef]" started-at="2024-12-24T20:30:34 ICT" name="testSearch" data-provider="searchData" finished-at="2024-12-24T20:30:46 ICT" duration-ms="12475" status="PASS">
          <params>
            <param index="0">
              <value>
                <![CDATA[thám tử lừng danh conan]]>
              </value>
            </param>
            <param index="1">
              <value>
                <![CDATA[true]]>
              </value>
            </param>
          </params>
          <reporter-output>
          </reporter-output>
        </test-method> <!-- testSearch -->
        <test-method signature="testSearch(java.lang.String,boolean)[pri:0, instance:test.SearchTest@5c5eefef]" started-at="2024-12-24T20:30:46 ICT" name="testSearch" data-provider="searchData" finished-at="2024-12-24T20:30:57 ICT" duration-ms="10656" status="PASS">
          <params>
            <param index="0">
              <value>
                <![CDATA[conan]]>
              </value>
            </param>
            <param index="1">
              <value>
                <![CDATA[true]]>
              </value>
            </param>
          </params>
          <reporter-output>
          </reporter-output>
        </test-method> <!-- testSearch -->
        <test-method signature="testSearch(java.lang.String,boolean)[pri:0, instance:test.SearchTest@5c5eefef]" started-at="2024-12-24T20:30:57 ICT" name="testSearch" data-provider="searchData" finished-at="2024-12-24T20:31:04 ICT" duration-ms="6843" status="PASS">
          <params>
            <param index="0">
              <value>
                <![CDATA[   conan]]>
              </value>
            </param>
            <param index="1">
              <value>
                <![CDATA[true]]>
              </value>
            </param>
          </params>
          <reporter-output>
          </reporter-output>
        </test-method> <!-- testSearch -->
        <test-method signature="testSearch(java.lang.String,boolean)[pri:0, instance:test.SearchTest@5c5eefef]" started-at="2024-12-24T20:31:04 ICT" name="testSearch" data-provider="searchData" finished-at="2024-12-24T20:31:15 ICT" duration-ms="10813" status="PASS">
          <params>
            <param index="0">
              <value>
                <![CDATA[conan?????]]>
              </value>
            </param>
            <param index="1">
              <value>
                <![CDATA[true]]>
              </value>
            </param>
          </params>
          <reporter-output>
          </reporter-output>
        </test-method> <!-- testSearch -->
        <test-method signature="testSearch(java.lang.String,boolean)[pri:0, instance:test.SearchTest@5c5eefef]" started-at="2024-12-24T20:31:15 ICT" name="testSearch" data-provider="searchData" finished-at="2024-12-24T20:31:23 ICT" duration-ms="8671" status="PASS">
          <params>
            <param index="0">
              <value>
                <![CDATA[unknownbook]]>
              </value>
            </param>
            <param index="1">
              <value>
                <![CDATA[false]]>
              </value>
            </param>
          </params>
          <reporter-output>
          </reporter-output>
        </test-method> <!-- testSearch -->
        <test-method signature="testSearch(java.lang.String,boolean)[pri:0, instance:test.SearchTest@5c5eefef]" started-at="2024-12-24T20:31:23 ICT" name="testSearch" data-provider="searchData" finished-at="2024-12-24T20:31:29 ICT" duration-ms="5454" status="PASS">
          <params>
            <param index="0">
              <value>
                <![CDATA[]]>
              </value>
            </param>
            <param index="1">
              <value>
                <![CDATA[false]]>
              </value>
            </param>
          </params>
          <reporter-output>
          </reporter-output>
        </test-method> <!-- testSearch -->
        <test-method is-config="true" signature="tearDown()[pri:0, instance:test.SearchTest@5c5eefef]" started-at="2024-12-24T20:31:29 ICT" name="tearDown" finished-at="2024-12-24T20:31:30 ICT" duration-ms="667" status="PASS">
          <reporter-output>
          </reporter-output>
        </test-method> <!-- tearDown -->
      </class> <!-- test.SearchTest -->
    </test> <!-- Default test -->
  </suite> <!-- Default suite -->
</testng-results>
