<?xml version="1.0" encoding="UTF-8"?>
<testng-results ignored="0" total="2" passed="2" failed="0" skipped="0">
  <reporter-output>
  </reporter-output>
  <suite started-at="2024-12-23T15:27:28 ICT" name="Default suite" finished-at="2024-12-23T15:28:03 ICT" duration-ms="35298">
    <groups>
    </groups>
    <test started-at="2024-12-23T15:27:28 ICT" name="Default test" finished-at="2024-12-23T15:28:03 ICT" duration-ms="35298">
      <class name="test.CartTest">
        <test-method is-config="true" signature="setUp()[pri:0, instance:test.CartTest@1623b78d]" started-at="2024-12-23T15:27:28 ICT" name="setUp" finished-at="2024-12-23T15:27:32 ICT" duration-ms="3474" status="PASS">
          <reporter-output>
          </reporter-output>
        </test-method> <!-- setUp -->
        <test-method signature="testAddToCart()[pri:0, instance:test.CartTest@1623b78d]" started-at="2024-12-23T15:27:32 ICT" name="testAddToCart" finished-at="2024-12-23T15:27:42 ICT" duration-ms="10838" status="PASS">
          <reporter-output>
          </reporter-output>
        </test-method> <!-- testAddToCart -->
        <test-method signature="testUpdateCart()[pri:0, instance:test.CartTest@1623b78d]" started-at="2024-12-23T15:27:42 ICT" name="testUpdateCart" finished-at="2024-12-23T15:28:03 ICT" duration-ms="20396" status="PASS">
          <reporter-output>
          </reporter-output>
        </test-method> <!-- testUpdateCart -->
        <test-method is-config="true" signature="tearDown()[pri:0, instance:test.CartTest@1623b78d]" started-at="2024-12-23T15:28:03 ICT" name="tearDown" finished-at="2024-12-23T15:28:03 ICT" duration-ms="526" status="PASS">
          <reporter-output>
          </reporter-output>
        </test-method> <!-- tearDown -->
      </class> <!-- test.CartTest -->
    </test> <!-- Default test -->
  </suite> <!-- Default suite -->
</testng-results>
